0 info it worked if it ends with ok
1 verbose cli [ 'S:\\node.js\\node.exe',
1 verbose cli   'S:\\node.js\\node_modules\\npm\\bin\\npm-cli.js',
1 verbose cli   'install',
1 verbose cli   'nedb',
1 verbose cli   '--save' ]
2 info using npm@2.15.5
3 info using node@v4.4.5
4 verbose install initial load of C:\Users\agney\AppData\Roaming\npm\node_modules\electron-prebuilt\dist\resources\app\package.json
5 verbose stack Error: Invalid name: "Billing Project"
5 verbose stack     at ensureValidName (S:\node.js\node_modules\npm\node_modules\normalize-package-data\lib\fixer.js:336:15)
5 verbose stack     at Object.module.exports.fixNameField (S:\node.js\node_modules\npm\node_modules\normalize-package-data\lib\fixer.js:215:5)
5 verbose stack     at S:\node.js\node_modules\npm\node_modules\normalize-package-data\lib\normalize.js:32:38
5 verbose stack     at Array.forEach (native)
5 verbose stack     at normalize (S:\node.js\node_modules\npm\node_modules\normalize-package-data\lib\normalize.js:31:15)
5 verbose stack     at final (S:\node.js\node_modules\npm\node_modules\read-package-json\read-json.js:349:5)
5 verbose stack     at then (S:\node.js\node_modules\npm\node_modules\read-package-json\read-json.js:124:5)
5 verbose stack     at ReadFileContext.<anonymous> (S:\node.js\node_modules\npm\node_modules\read-package-json\read-json.js:295:20)
5 verbose stack     at ReadFileContext.callback (S:\node.js\node_modules\npm\node_modules\graceful-fs\graceful-fs.js:78:16)
5 verbose stack     at FSReqWrap.readFileAfterOpen [as oncomplete] (fs.js:303:13)
6 verbose cwd C:\Users\agney\AppData\Roaming\npm\node_modules\electron-prebuilt\dist\resources\app
7 error Windows_NT 10.0.10586
8 error argv "S:\\node.js\\node.exe" "S:\\node.js\\node_modules\\npm\\bin\\npm-cli.js" "install" "nedb" "--save"
9 error node v4.4.5
10 error npm  v2.15.5
11 error Invalid name: "Billing Project"
12 error If you need help, you may report this error at:
12 error     <https://github.com/npm/npm/issues>
13 verbose exit [ 1, true ]
